[debug] [2025-10-21T18:03:16.853Z] ----------------------------------------------------------------------
[debug] [2025-10-21T18:03:16.855Z] Command:       /usr/local/bin/node /usr/local/bin/firebase deploy
[debug] [2025-10-21T18:03:16.855Z] CLI Version:   14.0.1
[debug] [2025-10-21T18:03:16.856Z] Platform:      darwin
[debug] [2025-10-21T18:03:16.856Z] Node Version:  v22.14.0
[debug] [2025-10-21T18:03:16.856Z] Time:          Tue Oct 21 2025 20:03:16 GMT+0200 (Central European Summer Time)
[debug] [2025-10-21T18:03:16.856Z] ----------------------------------------------------------------------
[debug] 
[debug] [2025-10-21T18:03:17.020Z] > command requires scopes: ["email","openid","https://www.googleapis.com/auth/cloudplatformprojects.readonly","https://www.googleapis.com/auth/firebase","https://www.googleapis.com/auth/cloud-platform"]
[debug] [2025-10-21T18:03:17.020Z] > authorizing via signed-in user (jo.kobuz@gmail.com)
[debug] [2025-10-21T18:03:17.020Z] [iam] checking project paul-hellings for permissions ["firebase.projects.get","firebasehosting.sites.update"]
[debug] [2025-10-21T18:03:17.021Z] Checked if tokens are valid: false, expires at: 1743456693518
[debug] [2025-10-21T18:03:17.021Z] Checked if tokens are valid: false, expires at: 1743456693518
[debug] [2025-10-21T18:03:17.021Z] > refreshing access token with scopes: []
[debug] [2025-10-21T18:03:17.023Z] >>> [apiv2][query] POST https://www.googleapis.com/oauth2/v3/token [none]
[debug] [2025-10-21T18:03:17.023Z] >>> [apiv2][body] POST https://www.googleapis.com/oauth2/v3/token [omitted]
[debug] [2025-10-21T18:03:17.125Z] <<< [apiv2][status] POST https://www.googleapis.com/oauth2/v3/token 400
[debug] [2025-10-21T18:03:17.125Z] <<< [apiv2][body] POST https://www.googleapis.com/oauth2/v3/token [omitted]
[debug] [2025-10-21T18:03:17.125Z] >>> [apiv2][query] POST https://cloudresourcemanager.googleapis.com/v1/projects/paul-hellings:testIamPermissions [none]
[debug] [2025-10-21T18:03:17.125Z] >>> [apiv2][(partial)header] POST https://cloudresourcemanager.googleapis.com/v1/projects/paul-hellings:testIamPermissions x-goog-quota-user=projects/paul-hellings
[debug] [2025-10-21T18:03:17.125Z] >>> [apiv2][body] POST https://cloudresourcemanager.googleapis.com/v1/projects/paul-hellings:testIamPermissions {"permissions":["firebase.projects.get","firebasehosting.sites.update"]}
[debug] [2025-10-21T18:03:17.743Z] <<< [apiv2][status] POST https://cloudresourcemanager.googleapis.com/v1/projects/paul-hellings:testIamPermissions 401
[debug] [2025-10-21T18:03:17.743Z] <<< [apiv2][body] POST https://cloudresourcemanager.googleapis.com/v1/projects/paul-hellings:testIamPermissions {"error":{"code":401,"message":"Request had invalid authentication credentials. Expected OAuth 2 access token, login cookie or other valid authentication credential. See https://developers.google.com/identity/sign-in/web/devconsole-project.","status":"UNAUTHENTICATED","details":[{"@type":"type.googleapis.com/google.rpc.ErrorInfo","reason":"ACCESS_TOKEN_TYPE_UNSUPPORTED","metadata":{"service":"cloudresourcemanager.googleapis.com","method":"google.cloudresourcemanager.v1.Projects.TestIamPermissions"}}]}}
[debug] [2025-10-21T18:03:17.743Z] Got a 401 Unauthenticated error for a call that required authentication. Refreshing tokens.
[debug] [2025-10-21T18:03:17.743Z] Checked if tokens are valid: false, expires at: 1743456693518
[debug] [2025-10-21T18:03:17.743Z] Checked if tokens are valid: false, expires at: 1743456693518
[debug] [2025-10-21T18:03:17.743Z] > refreshing access token with scopes: []
[debug] [2025-10-21T18:03:17.743Z] >>> [apiv2][query] POST https://www.googleapis.com/oauth2/v3/token [none]
[debug] [2025-10-21T18:03:17.743Z] >>> [apiv2][body] POST https://www.googleapis.com/oauth2/v3/token [omitted]
[debug] [2025-10-21T18:03:17.767Z] <<< [apiv2][status] POST https://www.googleapis.com/oauth2/v3/token 400
[debug] [2025-10-21T18:03:17.767Z] <<< [apiv2][body] POST https://www.googleapis.com/oauth2/v3/token [omitted]
[debug] [2025-10-21T18:03:17.768Z] [iam] error while checking permissions, command may fail: Request to https://cloudresourcemanager.googleapis.com/v1/projects/paul-hellings:testIamPermissions had HTTP Error: 401, Request had invalid authentication credentials. Expected OAuth 2 access token, login cookie or other valid authentication credential. See https://developers.google.com/identity/sign-in/web/devconsole-project.
[debug] [2025-10-21T18:03:17.768Z] Checked if tokens are valid: false, expires at: 1743456693518
[debug] [2025-10-21T18:03:17.768Z] Checked if tokens are valid: false, expires at: 1743456693518
[debug] [2025-10-21T18:03:17.768Z] > refreshing access token with scopes: []
[debug] [2025-10-21T18:03:17.769Z] >>> [apiv2][query] POST https://www.googleapis.com/oauth2/v3/token [none]
[debug] [2025-10-21T18:03:17.769Z] >>> [apiv2][body] POST https://www.googleapis.com/oauth2/v3/token [omitted]
[debug] [2025-10-21T18:03:17.791Z] <<< [apiv2][status] POST https://www.googleapis.com/oauth2/v3/token 400
[debug] [2025-10-21T18:03:17.791Z] <<< [apiv2][body] POST https://www.googleapis.com/oauth2/v3/token [omitted]
[debug] [2025-10-21T18:03:17.792Z] >>> [apiv2][query] GET https://firebase.googleapis.com/v1beta1/projects/paul-hellings [none]
[debug] [2025-10-21T18:03:17.922Z] <<< [apiv2][status] GET https://firebase.googleapis.com/v1beta1/projects/paul-hellings 401
[debug] [2025-10-21T18:03:17.922Z] <<< [apiv2][body] GET https://firebase.googleapis.com/v1beta1/projects/paul-hellings {"error":{"code":401,"message":"Request had invalid authentication credentials. Expected OAuth 2 access token, login cookie or other valid authentication credential. See https://developers.google.com/identity/sign-in/web/devconsole-project.","status":"UNAUTHENTICATED"}}
[debug] [2025-10-21T18:03:17.922Z] Got a 401 Unauthenticated error for a call that required authentication. Refreshing tokens.
[debug] [2025-10-21T18:03:17.922Z] Checked if tokens are valid: false, expires at: 1743456693518
[debug] [2025-10-21T18:03:17.922Z] Checked if tokens are valid: false, expires at: 1743456693518
[debug] [2025-10-21T18:03:17.922Z] > refreshing access token with scopes: []
[debug] [2025-10-21T18:03:17.923Z] >>> [apiv2][query] POST https://www.googleapis.com/oauth2/v3/token [none]
[debug] [2025-10-21T18:03:17.923Z] >>> [apiv2][body] POST https://www.googleapis.com/oauth2/v3/token [omitted]
[debug] [2025-10-21T18:03:17.956Z] <<< [apiv2][status] POST https://www.googleapis.com/oauth2/v3/token 400
[debug] [2025-10-21T18:03:17.956Z] <<< [apiv2][body] POST https://www.googleapis.com/oauth2/v3/token [omitted]
[debug] [2025-10-21T18:03:17.956Z] Request to https://firebase.googleapis.com/v1beta1/projects/paul-hellings had HTTP Error: 401, Request had invalid authentication credentials. Expected OAuth 2 access token, login cookie or other valid authentication credential. See https://developers.google.com/identity/sign-in/web/devconsole-project.
[error] 
[error] Error: Assertion failed: resolving hosting target of a site with no site name or target name. This should have caused an error earlier
